<?xml version="1.0" encoding="UTF-8" standalone="yes"?>
<messageSchema xmlns="http://fixprotocol.io/2017/sbe" xmlns:xsi="http://www.w3.org/2001/XMLSchema-instance" xmlns:xi="http://www.w3.org/2001/XInclude" package="examples" id="91" version="0" byteOrder="littleEndian" xsi:schemaLocation="http://fixprotocol.io/2017/sbe ../xsd/sbe-2.0rc3.xsd">
	<types>
		<type name="date" primitiveType="uint16"/>
		<type name="enumEncoding" primitiveType="char"/>
		<type name="idString" length="8" primitiveType="char"/>
		<type name="intEnumEncoding" primitiveType="uint8"/>
		<type name="currency" length="3" primitiveType="char" description="ISO 4217"/>
		<composite name="DATA">
			<type name="length" primitiveType="uint16"/>
			<type name="varData" length="0" primitiveType="uint8"/>
		</composite>
		<composite name="groupSizeEncoding">
			<type name="blockLength" primitiveType="uint16"/>
			<type name="numInGroup" primitiveType="uint16"/>
			<type name="numGroups" primitiveType="uint16"/>
			<type name="numVarDataFields" primitiveType="uint16"/>
		</composite>
		<enum name="TimeUnit" encodingType="uint8">
			<validValue name="second">0</validValue>
			<validValue name="millisecond">3</validValue>
			<validValue name="microsecond">6</validValue>
			<validValue name="nanosecond">9</validValue>
		</enum>
		<enum name="execTypeEnum" encodingType="enumEncoding">
			<validValue name="New">0</validValue>
			<validValue name="DoneForDay">3</validValue>
			<validValue name="Canceled">4</validValue>
			<validValue name="Replaced">5</validValue>
			<validValue name="PendingCancel">6</validValue>
			<validValue name="Rejected">8</validValue>
			<validValue name="PendingNew">A</validValue>
			<validValue name="Trade">F</validValue>
		</enum>
	</types>
	<messages>
		<message name="ExecutionReport" id="98" blockLength="42" semanticType="8">
			<field name="OrderID" id="37" type="idString" offset="0" semanticType="String"/>
			<field name="ExecID" id="17" type="idString" offset="8" semanticType="String"/>
			<field name="ExecType" id="150" type="execTypeEnum" offset="16" semanticType="char"/>
			<field name="OrdStatus" id="39" type="ordStatusEnum" offset="17" semanticType="char"/>
			<field name="Symbol" id="55" type="idString" offset="18" semanticType="String"/>
			<field name="MaturityMonthYear" id="200" type="MONTH_YEAR" offset="26" semanticType="MonthYear"/>
			<field name="Side" id="54" type="sideEnum" offset="31" semanticType="char"/>
			<field name="LeavesQty" id="151" type="qtyEncoding" offset="32" semanticType="Qty"/>
			<field name="CumQty" id="14" type="qtyEncoding" offset="36" semanticType="Qty"/>
			<field name="TradeDate" id="75" type="date" offset="40" semanticType="LocalMktDate"/>
			<group name="FillsGrp" id="2112" blockLength="12" dimensionType="groupSizeEncoding">
				<field name="FillPx" id="1364" type="decimalEncoding" offset="0" semanticType="Price"/>
				<field name="FillQty" id="1365" type="qtyEncoding" offset="8" semanticType="Qty"/>
			</group>
		</message>
	</messages>
</messageSchema>
